<?xml version="1.0" encoding="utf-8"?><testsuites><testsuite name="pytest" errors="0" failures="0" skipped="0" tests="19" time="0.683" timestamp="2026-03-26T12:48:00.113691-05:00" hostname="Seans-MacBook-Pro.local"><testcase classname="tests.unit.test_mcp_server.TestMCPServer" name="test_create_server_returns_fastmcp_instance" time="0.011" /><testcase classname="tests.unit.test_mcp_server.TestMCPServer" name="test_server_has_name" time="0.005" /><testcase classname="tests.unit.test_mcp_server.TestMCPServer" name="test_get_version_returns_string" time="0.001" /><testcase classname="tests.unit.test_mcp_server.TestMCPResources" name="test_server_creates_without_error" time="0.004" /><testcase classname="tests.unit.test_mcp_validate.TestValidateTool" name="test_validate_all_with_no_specs" time="0.044" /><testcase classname="tests.unit.test_mcp_validate.TestValidateTool" name="test_validate_returns_structured_json" time="0.002" /><testcase classname="tests.unit.test_mcp_status.TestStatusTool" name="test_status_no_doit_project" time="0.002" /><testcase classname="tests.unit.test_mcp_status.TestStatusTool" name="test_status_returns_structured_json" time="0.003" /><testcase classname="tests.unit.test_mcp_tasks.TestTasksTool" name="test_tasks_no_tasks_file" time="0.002" /><testcase classname="tests.unit.test_mcp_tasks.TestTasksTool" name="test_tasks_with_tasks_file" time="0.002" /><testcase classname="tests.unit.test_mcp_context.TestContextTool" name="test_context_no_doit_project" time="0.029" /><testcase classname="tests.unit.test_mcp_context.TestContextTool" name="test_context_with_memory_files" time="0.108" /><testcase classname="tests.unit.test_mcp_scaffold.TestScaffoldTool" name="test_scaffold_returns_json" time="0.003" /><testcase classname="tests.unit.test_mcp_scaffold.TestVerifyTool" name="test_verify_no_doit_folder" time="0.001" /><testcase classname="tests.unit.test_mcp_scaffold.TestVerifyTool" name="test_verify_with_doit_structure" time="0.002" /><testcase classname="tests.integration.test_mcp_integration.TestMCPServerIntegration" name="test_all_tools_registered" time="0.005" /><testcase classname="tests.integration.test_mcp_integration.TestMCPServerIntegration" name="test_all_tools_return_valid_json" time="0.057" /><testcase classname="tests.integration.test_mcp_integration.TestMCPServerIntegration" name="test_validate_tool_contract_schema" time="0.007" /><testcase classname="tests.integration.test_mcp_integration.TestMCPServerIntegration" name="test_verify_tool_contract_schema" time="0.005" /></testsuite></testsuites>